
> website@0.0.0 start /home/s4434180/hob-website
> node ./bin/www

[0mGET / [36m304 [0m49.966 ms - -[0m
[0mGET /stylesheets/style.css [36m304 [0m3.890 ms - -[0m
[0mGET /about [36m304 [0m7.355 ms - -[0m
[0mGET /stylesheets/style.css [36m304 [0m0.713 ms - -[0m
[0mGET /skills [33m404 [0m7.649 ms - 1961[0m
[0mGET /stylesheets/style.css [36m304 [0m0.541 ms - -[0m
[0mGET /about [36m304 [0m5.335 ms - -[0m
[0mGET /stylesheets/style.css [36m304 [0m0.570 ms - -[0m
[0mGET / [36m304 [0m6.389 ms - -[0m
[0mGET /stylesheets/style.css [36m304 [0m0.384 ms - -[0m
[0mGET / [36m304 [0m2.486 ms - -[0m
[0mGET /stylesheets/style.css [36m304 [0m0.404 ms - -[0m
[0mGET / [32m200 [0m4.573 ms - 1359[0m
[0mGET / [32m200 [0m4.453 ms - 1359[0m
[0mGET /about [36m304 [0m4.381 ms - -[0m
[0mGET /stylesheets/style.css [36m304 [0m0.507 ms - -[0m
[0mGET /skills [33m404 [0m9.912 ms - 1961[0m
[0mGET /stylesheets/style.css [36m304 [0m0.526 ms - -[0m
[0mGET / [32m200 [0m8.951 ms - 1359[0m
[0mGET /stylesheets/style.css [32m200 [0m5.256 ms - 1696[0m
[0mGET /fonts/Luna.ttf [32m200 [0m1.272 ms - 50800[0m
[0mGET /favicon.ico [33m404 [0m7.517 ms - 1961[0m
[0mGET /about [32m200 [0m4.550 ms - 1867[0m
[0mGET /stylesheets/style.css [36m304 [0m0.388 ms - -[0m
[0mGET /about [36m304 [0m5.261 ms - -[0m
[0mGET /stylesheets/style.css [36m304 [0m0.592 ms - -[0m
[0mGET /fonts/GrandHotel-Regular.ttf [32m200 [0m1.064 ms - 65012[0m
[0mGET /fonts/Roboto-Light.ttf [32m200 [0m3.840 ms - 162636[0m
[0mGET /skills [33m404 [0m10.416 ms - 1961[0m
[0mGET /stylesheets/style.css [36m304 [0m0.952 ms - -[0m
[0mGET /about [36m304 [0m4.496 ms - -[0m
[0mGET /stylesheets/style.css [36m304 [0m0.685 ms - -[0m
[0mGET /fonts/GrandHotel-Regular.ttf [36m304 [0m0.562 ms - -[0m
[0mGET /fonts/Roboto-Light.ttf [36m304 [0m0.449 ms - -[0m
[0mGET /skills [33m404 [0m7.294 ms - 1961[0m
[0mGET /stylesheets/style.css [36m304 [0m0.660 ms - -[0m
[0mGET /fonts/Luna.ttf [36m304 [0m0.545 ms - -[0m
[0mGET /about [36m304 [0m7.410 ms - -[0m
[0mGET /about [36m304 [0m4.934 ms - -[0m
[0mGET /stylesheets/style.css [36m304 [0m0.685 ms - -[0m
[0mGET /stylesheets/style.css [36m304 [0m0.554 ms - -[0m
[0mGET /skills [33m404 [0m7.513 ms - 1961[0m
[0mGET /stylesheets/style.css [36m304 [0m0.464 ms - -[0m
[0mGET /about [36m304 [0m4.511 ms - -[0m
[0mGET /stylesheets/style.css [36m304 [0m0.371 ms - -[0m
[0mGET / [36m304 [0m3.197 ms - -[0m
[0mGET /stylesheets/style.css [36m304 [0m0.562 ms - -[0m
[0mGET /about [36m304 [0m6.214 ms - -[0m
[0mGET /stylesheets/style.css [36m304 [0m0.520 ms - -[0m
[0mGET /skills [33m404 [0m4.352 ms - 1961[0m
[0mGET /stylesheets/style.css [36m304 [0m0.425 ms - -[0m
[0mGET / [36m304 [0m6.211 ms - -[0m
[0mGET /stylesheets/style.css [36m304 [0m0.558 ms - -[0m
[0mGET /fonts/Luna.ttf [36m304 [0m0.419 ms - -[0m
[0mGET /stylesheets/style.css [36m304 [0m0.502 ms - -[0m
[0mGET / [36m304 [0m4.425 ms - -[0m
[0mGET /stylesheets/style.css [36m304 [0m0.593 ms - -[0m
[0mGET / [32m200 [0m3.196 ms - 1359[0m
[0mGET /stylesheets/style.css [32m200 [0m1.339 ms - 1696[0m
[0mGET /fonts/Luna.ttf [32m200 [0m2.178 ms - 50800[0m
[0mGET /favicon.ico [33m404 [0m9.694 ms - 1961[0m
[0mGET /about [32m200 [0m4.329 ms - 1867[0m
[0mGET /stylesheets/style.css [36m304 [0m0.559 ms - -[0m
[0mGET /fonts/GrandHotel-Regular.ttf [32m200 [0m1.221 ms - 65012[0m
[0mGET /fonts/Roboto-Light.ttf [32m200 [0m1.414 ms - 162636[0m
[0mGET /about [36m304 [0m5.093 ms - -[0m
[0mGET /stylesheets/style.css [36m304 [0m0.516 ms - -[0m
[0mGET /skills [33m404 [0m6.788 ms - 1961[0m
[0mGET /stylesheets/style.css [36m304 [0m0.612 ms - -[0m
[0mGET / [36m304 [0m4.095 ms - -[0m
[0mGET /stylesheets/style.css [36m304 [0m1.423 ms - -[0m
[0mGET /fonts/Luna.ttf [32m200 [0m0.654 ms - 50800[0m
[0mGET /testing [33m404 [0m4.991 ms - 1961[0m
[0mGET /stylesheets/style.css [36m304 [0m0.534 ms - -[0m
[0mGET /fonts/GrandHotel-Regular.ttf [32m200 [0m0.810 ms - 65012[0m
[0mGET / [36m304 [0m4.076 ms - -[0m
[0mGET /stylesheets/style.css [32m200 [0m0.865 ms - 2926[0m
[0mGET /fonts/Luna.ttf [32m200 [0m1.011 ms - 50800[0m
[0mGET / [32m200 [0m11.842 ms - 1359[0m
[0mGET /stylesheets/style.css [32m200 [0m0.840 ms - 2926[0m
[0mGET /fonts/Luna.ttf [32m200 [0m0.793 ms - 50800[0m

> website@0.0.0 start /home/s4434180/hob-website
> node ./bin/www

[0mGET / [32m200 [0m50.048 ms - 1359[0m
[0mGET /stylesheets/style.css [36m304 [0m4.394 ms - -[0m
[0mGET /fonts/Luna.ttf [36m304 [0m0.667 ms - -[0m
[0mGET /comp3506/avltree [32m200 [0m6.630 ms - 7689[0m
[0mGET /stylesheets/style.css [36m304 [0m0.497 ms - -[0m
[0mGET /javascripts/viz.js [32m200 [0m3.507 ms - 11468[0m
[0mGET /javascripts/full.render.js [32m200 [0m0.866 ms - 1979770[0m
[0mGET /fonts/Roboto-Light.ttf [32m200 [0m0.956 ms - 162636[0m
[0mGET /stylesheets/style.css [36m304 [0m0.454 ms - -[0m
[0mPOST /comp3506/avltree/check [31m500 [0m38.298 ms - 2001[0m

> website@0.0.0 start /home/s4434180/hob-website
> node ./bin/www

[0mGET / [32m200 [0m50.953 ms - 1359[0m
[0mGET /stylesheets/style.css [32m200 [0m6.291 ms - 3117[0m
[0mGET /fonts/Luna.ttf [36m304 [0m1.469 ms - -[0m
[0mGET /about [32m200 [0m7.431 ms - 4215[0m
[0mGET /stylesheets/style.css [36m304 [0m0.621 ms - -[0m
[0mGET /fonts/GrandHotel-Regular.ttf [32m200 [0m2.200 ms - 65012[0m
[0mGET /images/profilethinking.jpg [32m200 [0m1.981 ms - 63205[0m
[0mGET /fonts/Roboto-Light.ttf [36m304 [0m0.466 ms - -[0m
[0mGET / [36m304 [0m5.154 ms - -[0m
[0mGET /stylesheets/style.css [36m304 [0m0.476 ms - -[0m
[0mGET / [36m304 [0m5.686 ms - -[0m
[0mGET /stylesheets/style.css [36m304 [0m0.307 ms - -[0m

> website@0.0.0 start /home/s4434180/hob-website
> node ./bin/www

Port 8000 is already in use
npm ERR! code ELIFECYCLE
npm ERR! errno 1
npm ERR! website@0.0.0 start: `node ./bin/www`
npm ERR! Exit status 1
npm ERR! 
npm ERR! Failed at the website@0.0.0 start script.
npm ERR! This is probably not a problem with npm. There is likely additional logging output above.

npm ERR! A complete log of this run can be found in:
npm ERR!     /home/s4434180/.npm/_logs/2019-09-01T04_12_30_405Z-debug.log
[0mGET /comp3506/avltree [32m200 [0m5.133 ms - 7962[0m
[0mGET /stylesheets/style.css [32m200 [0m0.973 ms - 3133[0m
[0mGET /javascripts/viz.js [36m304 [0m0.952 ms - -[0m
[0mGET /javascripts/full.render.js [36m304 [0m0.934 ms - -[0m
[0mGET /fonts/Roboto-Light.ttf [36m304 [0m0.474 ms - -[0m
[0mPOST /comp3506/avltree/check [32m200 [0m27.188 ms - 5[0m
[0mGET /comp3506/ [33m404 [0m7.668 ms - 1961[0m
[0mGET /stylesheets/style.css [36m304 [0m0.880 ms - -[0m
[0mGET /fonts/GrandHotel-Regular.ttf [36m304 [0m0.538 ms - -[0m
[0mGET /fonts/Luna.ttf [36m304 [0m0.451 ms - -[0m
[0mGET /about [36m304 [0m5.026 ms - -[0m
[0mGET /stylesheets/style.css [36m304 [0m0.525 ms - -[0m
[0mGET /images/profileplant.jpg [33m404 [0m8.780 ms - 1961[0m
[0mGET /fonts/Roboto-Light.ttf [36m304 [0m1.517 ms - -[0m
[0mGET /fonts/Luna.ttf [36m304 [0m1.496 ms - -[0m
[0mGET /fonts/GrandHotel-Regular.ttf [36m304 [0m1.424 ms - -[0m
[0mGET /about [36m304 [0m4.611 ms - -[0m
[0mGET /stylesheets/style.css [36m304 [0m0.464 ms - -[0m
[0mGET /fonts/GrandHotel-Regular.ttf [36m304 [0m1.558 ms - -[0m
[0mGET /fonts/Luna.ttf [36m304 [0m1.573 ms - -[0m
[0mGET /fonts/Roboto-Light.ttf [36m304 [0m1.544 ms - -[0m
[0mGET /images/profilecat.jpg [33m404 [0m6.892 ms - 1961[0m
[0mGET /about [36m304 [0m9.592 ms - -[0m
[0mGET /stylesheets/style.css [36m304 [0m0.520 ms - -[0m
[0mGET /images/profilecat.jpg [33m404 [0m7.564 ms - 1961[0m
[0mGET /about [36m304 [0m6.431 ms - -[0m
[0mGET /stylesheets/style.css [36m304 [0m1.033 ms - -[0m
[0mGET /images/profileplant.jpg [33m404 [0m8.157 ms - 1961[0m
[0mGET /about [36m304 [0m5.948 ms - -[0m
[0mGET /stylesheets/style.css [36m304 [0m0.675 ms - -[0m
[0mGET /images/profileplant.jpg [33m404 [0m5.428 ms - 1961[0m
Terminated
npm ERR! code ELIFECYCLE
npm ERR! errno 143
npm ERR! website@0.0.0 start: `node ./bin/www`
npm ERR! Exit status 143
npm ERR! 
npm ERR! Failed at the website@0.0.0 start script.
npm ERR! This is probably not a problem with npm. There is likely additional logging output above.

npm ERR! A complete log of this run can be found in:
npm ERR!     /home/s4434180/.npm/_logs/2019-09-01T04_14_52_751Z-debug.log
